# This file was automatically created by FeynRules 2.3.49
# Mathematica version: 14.2.1 for Mac OS X x86 (64-bit) (March 16, 2025)
# Date: Fri 14 Nov 2025 23:53:23


# 
# This is the logfile for the model vSMEFT_Higgs-N

# Authors: A. Titov
# Model version: 1.0
# Checking the Quantum numbers
   * Electric charge defined.
# Checking the Lagrangians
   * All Lagrangians are ok.
#
# Particle definitions
#

   * No particles removed. All particles correspond to GenInt setup.

# Automatically assigned PDG numbers
   * Assigned PDG number 9000001 to particle ghA
   * Assigned PDG number 9000002 to particle ghZ
   * Assigned PDG number 9000003 to particle ghWp
   * Assigned PDG number 9000004 to particle ghWm


# Compulsory PDG codes:
   * Class SM leptons complete.
   * Class SM neutrinos complete.
   * Class SM quarks complete.
   * Class SM gauge bosons complete.
#
# Parameter definitions
#

   * All parameters are ok.


# Vertices
   * Calling FeynmanRules for 1 Lagrangians.
   * Number of classes vertices: 130
   * Number of flavored vertices: 174
   * Saved vertices in InterfaceRun[ 1 ].
   * Checked QNumber conservation.
      - Quantum number GhostNumber conserved in all vertices.
      - Quantum number LeptonNumber NOT conserved in the following vertices
          {W, N1, e}
          {W, N1, mu}
          {W, N1, ta}
          {W, N2, e}
          {W, N2, mu}
          {W, N2, ta}
          {W, N3, e}
          {W, N3, mu}
          {W, N3, ta}
          {Wbar, ebar, N1}
          {Wbar, ebar, N2}
          {Wbar, ebar, N3}
          {Wbar, mubar, N1}
          {Wbar, mubar, N2}
          {Wbar, mubar, N3}
          {Wbar, tabar, N1}
          {Wbar, tabar, N2}
          {Wbar, tabar, N3}
          {W, ve, e}
          {W, vm, mu}
          {W, vt, ta}
          {Wbar, ebar, ve}
          {Wbar, mubar, vm}
          {Wbar, tabar, vt}
          {H, H, Wbar, ebar, N1}
          {H, Wbar, ebar, N1}
          {H, H, Wbar, mubar, N1}
          {H, Wbar, mubar, N1}
          {H, H, Wbar, tabar, N1}
          {H, Wbar, tabar, N1}
          {H, H, W, N1, e}
          {H, W, N1, e}
          {H, H, W, N1, mu}
          {H, W, N1, mu}
          {H, H, W, N1, ta}
          {H, W, N1, ta}
          {A, H, W, N1, e}
          {A, W, N1, e}
          {A, H, W, N1, mu}
          {A, W, N1, mu}
          {A, H, W, N1, ta}
          {A, W, N1, ta}
          {H, W, Z, N1, e}
          {W, Z, N1, e}
          {H, W, Z, N1, mu}
          {W, Z, N1, mu}
          {H, W, Z, N1, ta}
          {W, Z, N1, ta}
          {A, H, Wbar, ebar, N1}
          {A, Wbar, ebar, N1}
          {A, H, Wbar, mubar, N1}
          {A, Wbar, mubar, N1}
          {A, H, Wbar, tabar, N1}
          {A, Wbar, tabar, N1}
          {H, Wbar, Z, ebar, N1}
          {Wbar, Z, ebar, N1}
          {H, Wbar, Z, mubar, N1}
          {Wbar, Z, mubar, N1}
          {H, Wbar, Z, tabar, N1}
          {Wbar, Z, tabar, N1}
      - Quantum number Q conserved in all vertices.
      - Quantum number Y conserved in all vertices.
   * particles.py written.
   * parameters.py written.
#
# Vertex definitions
#

   * 177 vertices written.
   * vertices.py written.
#
# Lorentz structure definitions
#

   * 44 lorentz structures written.
   * lorentz.py written.
#
# Coupling definitions
#

   >>>> Non positive interaction order QED found for coupling GC_74.
   >>>> Non positive interaction order QED found for coupling GC_75.
   >>>> Non positive interaction order QED found for coupling GC_76.
   >>>> Non positive interaction order QED found for coupling GC_77.
   >>>> Non positive interaction order QED found for coupling GC_78.
   >>>> Non positive interaction order QED found for coupling GC_79.
   >>>> Non positive interaction order QED found for coupling GC_80.
   >>>> Non positive interaction order QED found for coupling GC_87.
   >>>> Non positive interaction order QED found for coupling GC_101.
   >>>> Non positive interaction order QED found for coupling GC_102.
   >>>> Non positive interaction order QED found for coupling GC_103.
   >>>> Non positive interaction order QED found for coupling GC_104.
   >>>> Non positive interaction order QED found for coupling GC_105.
   >>>> Non positive interaction order QED found for coupling GC_106.
   >>>> Non positive interaction order QED found for coupling GC_107.
   >>>> Non positive interaction order QED found for coupling GC_108.
   >>>> Non positive interaction order QED found for coupling GC_109.
   >>>> Non positive interaction order QED found for coupling GC_110.
   >>>> Non positive interaction order QED found for coupling GC_111.
   >>>> Non positive interaction order QED found for coupling GC_112.
   >>>> Non positive interaction order QED found for coupling GC_115.
   * 151 couplings written.
   * couplings.py written.
#
# Coupling order definitions
#

   * 0 couplings orders written.
   * coupling_orders.py written.
#
# Decay definitions
#

   * 15 decays written.
   * decay.py not written
#
# CTCoupling definitions
#

   * 0 CTcouplings written.
   * CT_couplings.py written.
